2025-09-13 02:15:59,923 - ProjectANC.main - INFO - log_app_start:105 - === Project A.N.C. Application Started ===
2025-09-13 02:15:59,923 - ProjectANC.main - INFO - log_app_start:106 - Python version: 3.12.7 | packaged by Anaconda, Inc. | (main, Oct  4 2024, 13:17:27) [MSC v.1929 64 bit (AMD64)]
2025-09-13 02:15:59,923 - ProjectANC.main - INFO - log_app_start:107 - Working directory: C:\project-anc
2025-09-13 02:15:59,925 - ProjectANC.main - INFO - log_database_operation:179 - Database initialize on main_db: SUCCESS - anc_db.json
2025-09-13 02:15:59,925 - ProjectANC.main - INFO - main:65 - Application logic initialized successfully
2025-09-13 02:19:32,554 - ProjectANC.main - INFO - log_app_start:105 - === Project A.N.C. Application Started ===
2025-09-13 02:19:32,554 - ProjectANC.main - INFO - log_app_start:106 - Python version: 3.12.7 | packaged by Anaconda, Inc. | (main, Oct  4 2024, 13:17:27) [MSC v.1929 64 bit (AMD64)]
2025-09-13 02:19:32,554 - ProjectANC.main - INFO - log_app_start:107 - Working directory: C:\project-anc
2025-09-13 02:20:16,397 - ProjectANC.main - INFO - log_app_start:105 - === Project A.N.C. Application Started ===
2025-09-13 02:20:16,397 - ProjectANC.main - INFO - log_app_start:106 - Python version: 3.12.7 | packaged by Anaconda, Inc. | (main, Oct  4 2024, 13:17:27) [MSC v.1929 64 bit (AMD64)]
2025-09-13 02:20:16,397 - ProjectANC.main - INFO - log_app_start:107 - Working directory: C:\project-anc
2025-09-13 02:22:33,660 - ProjectANC.main - INFO - log_app_start:105 - === Project A.N.C. Application Started ===
2025-09-13 02:22:33,660 - ProjectANC.main - INFO - log_app_start:106 - Python version: 3.12.7 | packaged by Anaconda, Inc. | (main, Oct  4 2024, 13:17:27) [MSC v.1929 64 bit (AMD64)]
2025-09-13 02:22:33,660 - ProjectANC.main - INFO - log_app_start:107 - Working directory: C:\project-anc
2025-09-13 02:22:33,661 - ProjectANC.main - INFO - log_database_operation:179 - Database initialize on main_db: SUCCESS - anc_db.json
2025-09-13 02:22:33,662 - ProjectANC.main - INFO - main:65 - Application logic initialized successfully
2025-09-13 02:22:33,667 - ProjectANC.main - INFO - main:117 - Loaded 7 files in initial file list
2025-09-13 02:22:33,667 - ProjectANC.main - INFO - main:134 - Application initialization completed successfully
2025-09-13 11:43:38,394 - ProjectANC.main - INFO - log_app_start:105 - === Project A.N.C. Application Started ===
2025-09-13 11:43:38,395 - ProjectANC.main - INFO - log_app_start:106 - Python version: 3.12.7 | packaged by Anaconda, Inc. | (main, Oct  4 2024, 13:17:27) [MSC v.1929 64 bit (AMD64)]
2025-09-13 11:43:38,395 - ProjectANC.main - INFO - log_app_start:107 - Working directory: C:\project-anc
2025-09-13 11:43:38,405 - ProjectANC.main - INFO - log_database_operation:179 - Database initialize on main_db: SUCCESS - anc_db.json
2025-09-13 11:43:38,406 - ProjectANC.main - INFO - main:65 - Application logic initialized successfully
2025-09-13 11:43:38,411 - ProjectANC.main - INFO - main:117 - Loaded 7 files in initial file list
2025-09-13 11:43:38,411 - ProjectANC.main - INFO - main:134 - Application initialization completed successfully
2025-09-13 12:13:48,125 - ProjectANC.main - INFO - log_app_start:105 - === Project A.N.C. Application Started ===
2025-09-13 12:13:48,125 - ProjectANC.main - INFO - log_app_start:106 - Python version: 3.12.7 | packaged by Anaconda, Inc. | (main, Oct  4 2024, 13:17:27) [MSC v.1929 64 bit (AMD64)]
2025-09-13 12:13:48,125 - ProjectANC.main - INFO - log_app_start:107 - Working directory: C:\project-anc
2025-09-13 12:13:48,126 - ProjectANC.main - INFO - log_database_operation:179 - Database initialize on main_db: SUCCESS - anc_db.json
2025-09-13 12:13:48,128 - ProjectANC.main - INFO - main:65 - Application logic initialized successfully
2025-09-13 12:13:48,133 - ProjectANC.main - INFO - main:118 - Loaded 7 files in initial file list
2025-09-13 12:13:48,134 - ProjectANC.main - INFO - main:135 - Application initialization completed successfully
2025-09-13 12:20:31,358 - ProjectANC.main - INFO - log_app_start:105 - === Project A.N.C. Application Started ===
2025-09-13 12:20:31,359 - ProjectANC.main - INFO - log_app_start:106 - Python version: 3.12.7 | packaged by Anaconda, Inc. | (main, Oct  4 2024, 13:17:27) [MSC v.1929 64 bit (AMD64)]
2025-09-13 12:20:31,359 - ProjectANC.main - INFO - log_app_start:107 - Working directory: C:\project-anc
2025-09-13 12:20:31,368 - ProjectANC.main - INFO - log_database_operation:179 - Database initialize on main_db: SUCCESS - anc_db.json
2025-09-13 12:20:31,370 - ProjectANC.main - INFO - main:65 - Application logic initialized successfully
2025-09-13 12:20:31,375 - ProjectANC.main - INFO - main:118 - Loaded 7 files in initial file list
2025-09-13 12:20:31,375 - ProjectANC.main - INFO - main:135 - Application initialization completed successfully
